10:40:44 INFO  : Launching XSCT server: xsct -n  -interactive /home/gabriel/UA/4Ano/CR/CountDownTimerSoftware/temp_xsdb_launch_script.tcl
10:40:46 INFO  : XSCT server has started successfully.
10:40:46 INFO  : plnx-install-location is set to ''
10:40:46 INFO  : Successfully done setting XSCT server connection channel  
10:40:46 INFO  : Successfully done query RDI_DATADIR 
10:40:46 INFO  : Successfully done setting workspace for the tool. 
10:40:46 INFO  : Registering command handlers for Vitis TCF services
10:43:20 INFO  : Checking for BSP changes to sync application flags for project 'CountDownTimerApp'...
10:48:48 INFO  : Launching XSCT server: xsct -n  -interactive /home/gabriel/UA/4Ano/CR/CountDownTimerSoftware/temp_xsdb_launch_script.tcl
10:48:51 INFO  : Registering command handlers for Vitis TCF services
10:48:51 INFO  : XSCT server has started successfully.
10:48:52 INFO  : plnx-install-location is set to ''
10:48:52 INFO  : Successfully done setting XSCT server connection channel  
10:48:52 INFO  : Successfully done query RDI_DATADIR 
10:48:52 INFO  : Successfully done setting workspace for the tool. 
10:49:02 INFO  : Checking for BSP changes to sync application flags for project 'CountDownTimerApp'...
10:52:29 INFO  : Checking for BSP changes to sync application flags for project 'CountDownTimerApp'...
10:53:17 INFO  : Checking for BSP changes to sync application flags for project 'CountDownTimerApp'...
10:53:26 INFO  : Checking for BSP changes to sync application flags for project 'CountDownTimerApp'...
10:55:22 INFO  : Checking for BSP changes to sync application flags for project 'CountDownTimerApp'...
10:55:45 INFO  : Checking for BSP changes to sync application flags for project 'CountDownTimerApp'...
10:56:13 INFO  : Checking for BSP changes to sync application flags for project 'CountDownTimerApp'...
14:07:56 INFO  : Launching XSCT server: xsct -n  -interactive /home/gabriel/UA/4Ano/CR/CountDownTimerSoftware/temp_xsdb_launch_script.tcl
14:07:58 INFO  : Registering command handlers for Vitis TCF services
14:07:59 INFO  : XSCT server has started successfully.
14:07:59 INFO  : plnx-install-location is set to ''
14:07:59 INFO  : Successfully done setting XSCT server connection channel  
14:07:59 INFO  : Successfully done query RDI_DATADIR 
14:07:59 INFO  : Successfully done setting workspace for the tool. 
14:08:12 INFO  : Checking for BSP changes to sync application flags for project 'CountDownTimerApp'...
00:26:07 INFO  : Launching XSCT server: xsct -n  -interactive /home/gabriel/UA/4Ano/CR/CountDownTimerSoftware/temp_xsdb_launch_script.tcl
00:26:09 INFO  : Registering command handlers for Vitis TCF services
00:26:10 INFO  : XSCT server has started successfully.
00:26:10 INFO  : Successfully done setting XSCT server connection channel  
00:26:10 INFO  : plnx-install-location is set to ''
00:26:10 INFO  : Successfully done setting workspace for the tool. 
00:26:10 INFO  : Successfully done query RDI_DATADIR 
00:38:31 INFO  : Checking for BSP changes to sync application flags for project 'CountDownTimerApp'...
00:39:06 INFO  : Checking for BSP changes to sync application flags for project 'CountDownTimerApp'...
01:15:01 INFO  : Checking for BSP changes to sync application flags for project 'CountDownTimerApp'...
01:37:11 INFO  : Checking for BSP changes to sync application flags for project 'CountDownTimerApp'...
01:37:27 INFO  : Checking for BSP changes to sync application flags for project 'CountDownTimerApp'...
01:37:40 INFO  : Checking for BSP changes to sync application flags for project 'CountDownTimerApp'...
