Analysis & Synthesis report for PC_32_Serie
Mon Nov 11 20:44:16 2019
Quartus Prime Version 19.1.0 Build 670 09/22/2019 SJ Lite Edition


---------------------
; Table of Contents ;
---------------------
  1. Legal Notice
  2. Analysis & Synthesis Summary
  3. Analysis & Synthesis Settings
  4. Parallel Compilation
  5. Analysis & Synthesis Source Files Read
  6. Analysis & Synthesis Resource Usage Summary
  7. Analysis & Synthesis Resource Utilization by Entity
  8. Registers Removed During Synthesis
  9. General Register Statistics
 10. Inverted Register Statistics
 11. Port Connectivity Checks: "binCounter_6bit:bc|flipFlopDPET:ff5"
 12. Port Connectivity Checks: "binCounter_6bit:bc|flipFlopDPET:ff4"
 13. Port Connectivity Checks: "binCounter_6bit:bc|flipFlopDPET:ff3"
 14. Port Connectivity Checks: "binCounter_6bit:bc|flipFlopDPET:ff2"
 15. Port Connectivity Checks: "binCounter_6bit:bc|flipFlopDPET:ff1"
 16. Port Connectivity Checks: "binCounter_6bit:bc|flipFlopDPET:ff0"
 17. Port Connectivity Checks: "parReg_6bit:pr6|flipFlopDPET:ff5"
 18. Port Connectivity Checks: "parReg_6bit:pr6|flipFlopDPET:ff4"
 19. Port Connectivity Checks: "parReg_6bit:pr6|flipFlopDPET:ff3"
 20. Port Connectivity Checks: "parReg_6bit:pr6|flipFlopDPET:ff2"
 21. Port Connectivity Checks: "parReg_6bit:pr6|flipFlopDPET:ff1"
 22. Port Connectivity Checks: "parReg_6bit:pr6|flipFlopDPET:ff0"
 23. Port Connectivity Checks: "parReg_5bit:pr5|flipFlopDPET:ff4"
 24. Port Connectivity Checks: "parReg_5bit:pr5|flipFlopDPET:ff3"
 25. Port Connectivity Checks: "parReg_5bit:pr5|flipFlopDPET:ff2"
 26. Port Connectivity Checks: "parReg_5bit:pr5|flipFlopDPET:ff1"
 27. Port Connectivity Checks: "parReg_5bit:pr5|flipFlopDPET:ff0"
 28. Port Connectivity Checks: "flipFlopDPET:ff"
 29. Post-Synthesis Netlist Statistics for Top Partition
 30. Elapsed Time Per Partition
 31. Analysis & Synthesis Messages



----------------
; Legal Notice ;
----------------
Copyright (C) 2019  Intel Corporation. All rights reserved.
Your use of Intel Corporation's design tools, logic functions 
and other software and tools, and any partner logic 
functions, and any output files from any of the foregoing 
(including device programming or simulation files), and any 
associated documentation or information are expressly subject 
to the terms and conditions of the Intel Program License 
Subscription Agreement, the Intel Quartus Prime License Agreement,
the Intel FPGA IP License Agreement, or other applicable license
agreement, including, without limitation, that your use is for
the sole purpose of programming logic devices manufactured by
Intel and sold by Intel or its authorized distributors.  Please
refer to the applicable agreement for further details, at
https://fpgasoftware.intel.com/eula.



+-------------------------------------------------------------------------------+
; Analysis & Synthesis Summary                                                  ;
+---------------------------------+---------------------------------------------+
; Analysis & Synthesis Status     ; Successful - Mon Nov 11 20:44:16 2019       ;
; Quartus Prime Version           ; 19.1.0 Build 670 09/22/2019 SJ Lite Edition ;
; Revision Name                   ; PC_32_Serie                                 ;
; Top-level Entity Name           ; popCounter_32bitSerial                      ;
; Family                          ; Cyclone V                                   ;
; Logic utilization (in ALMs)     ; N/A                                         ;
; Total registers                 ; 18                                          ;
; Total pins                      ; 9                                           ;
; Total virtual pins              ; 0                                           ;
; Total block memory bits         ; 0                                           ;
; Total DSP Blocks                ; 0                                           ;
; Total HSSI RX PCSs              ; 0                                           ;
; Total HSSI PMA RX Deserializers ; 0                                           ;
; Total HSSI TX PCSs              ; 0                                           ;
; Total HSSI PMA TX Serializers   ; 0                                           ;
; Total PLLs                      ; 0                                           ;
; Total DLLs                      ; 0                                           ;
+---------------------------------+---------------------------------------------+


+-------------------------------------------------------------------------------------------------------------------------------+
; Analysis & Synthesis Settings                                                                                                 ;
+---------------------------------------------------------------------------------+------------------------+--------------------+
; Option                                                                          ; Setting                ; Default Value      ;
+---------------------------------------------------------------------------------+------------------------+--------------------+
; Device                                                                          ; 5CGXFC7C7F23C8         ;                    ;
; Top-level entity name                                                           ; popCounter_32bitSerial ; PC_32_Serie        ;
; Family name                                                                     ; Cyclone V              ; Cyclone V          ;
; Use smart compilation                                                           ; Off                    ; Off                ;
; Enable parallel Assembler and Timing Analyzer during compilation                ; On                     ; On                 ;
; Enable compact report table                                                     ; Off                    ; Off                ;
; Restructure Multiplexers                                                        ; Auto                   ; Auto               ;
; MLAB Add Timing Constraints For Mixed-Port Feed-Through Mode Setting Don't Care ; Off                    ; Off                ;
; Create Debugging Nodes for IP Cores                                             ; Off                    ; Off                ;
; Preserve fewer node names                                                       ; On                     ; On                 ;
; Intel FPGA IP Evaluation Mode                                                   ; Enable                 ; Enable             ;
; Verilog Version                                                                 ; Verilog_2001           ; Verilog_2001       ;
; VHDL Version                                                                    ; VHDL_1993              ; VHDL_1993          ;
; State Machine Processing                                                        ; Auto                   ; Auto               ;
; Safe State Machine                                                              ; Off                    ; Off                ;
; Extract Verilog State Machines                                                  ; On                     ; On                 ;
; Extract VHDL State Machines                                                     ; On                     ; On                 ;
; Ignore Verilog initial constructs                                               ; Off                    ; Off                ;
; Iteration limit for constant Verilog loops                                      ; 5000                   ; 5000               ;
; Iteration limit for non-constant Verilog loops                                  ; 250                    ; 250                ;
; Add Pass-Through Logic to Inferred RAMs                                         ; On                     ; On                 ;
; Infer RAMs from Raw Logic                                                       ; On                     ; On                 ;
; Parallel Synthesis                                                              ; On                     ; On                 ;
; DSP Block Balancing                                                             ; Auto                   ; Auto               ;
; NOT Gate Push-Back                                                              ; On                     ; On                 ;
; Power-Up Don't Care                                                             ; On                     ; On                 ;
; Remove Redundant Logic Cells                                                    ; Off                    ; Off                ;
; Remove Duplicate Registers                                                      ; On                     ; On                 ;
; Ignore CARRY Buffers                                                            ; Off                    ; Off                ;
; Ignore CASCADE Buffers                                                          ; Off                    ; Off                ;
; Ignore GLOBAL Buffers                                                           ; Off                    ; Off                ;
; Ignore ROW GLOBAL Buffers                                                       ; Off                    ; Off                ;
; Ignore LCELL Buffers                                                            ; Off                    ; Off                ;
; Ignore SOFT Buffers                                                             ; On                     ; On                 ;
; Limit AHDL Integers to 32 Bits                                                  ; Off                    ; Off                ;
; Optimization Technique                                                          ; Balanced               ; Balanced           ;
; Carry Chain Length                                                              ; 70                     ; 70                 ;
; Auto Carry Chains                                                               ; On                     ; On                 ;
; Auto Open-Drain Pins                                                            ; On                     ; On                 ;
; Perform WYSIWYG Primitive Resynthesis                                           ; Off                    ; Off                ;
; Auto ROM Replacement                                                            ; On                     ; On                 ;
; Auto RAM Replacement                                                            ; On                     ; On                 ;
; Auto DSP Block Replacement                                                      ; On                     ; On                 ;
; Auto Shift Register Replacement                                                 ; Auto                   ; Auto               ;
; Allow Shift Register Merging across Hierarchies                                 ; Auto                   ; Auto               ;
; Auto Clock Enable Replacement                                                   ; On                     ; On                 ;
; Strict RAM Replacement                                                          ; Off                    ; Off                ;
; Allow Synchronous Control Signals                                               ; On                     ; On                 ;
; Force Use of Synchronous Clear Signals                                          ; Off                    ; Off                ;
; Auto Resource Sharing                                                           ; Off                    ; Off                ;
; Allow Any RAM Size For Recognition                                              ; Off                    ; Off                ;
; Allow Any ROM Size For Recognition                                              ; Off                    ; Off                ;
; Allow Any Shift Register Size For Recognition                                   ; Off                    ; Off                ;
; Use LogicLock Constraints during Resource Balancing                             ; On                     ; On                 ;
; Ignore translate_off and synthesis_off directives                               ; Off                    ; Off                ;
; Timing-Driven Synthesis                                                         ; On                     ; On                 ;
; Report Parameter Settings                                                       ; On                     ; On                 ;
; Report Source Assignments                                                       ; On                     ; On                 ;
; Report Connectivity Checks                                                      ; On                     ; On                 ;
; Ignore Maximum Fan-Out Assignments                                              ; Off                    ; Off                ;
; Synchronization Register Chain Length                                           ; 3                      ; 3                  ;
; Power Optimization During Synthesis                                             ; Normal compilation     ; Normal compilation ;
; HDL message level                                                               ; Level2                 ; Level2             ;
; Suppress Register Optimization Related Messages                                 ; Off                    ; Off                ;
; Number of Removed Registers Reported in Synthesis Report                        ; 5000                   ; 5000               ;
; Number of Swept Nodes Reported in Synthesis Report                              ; 5000                   ; 5000               ;
; Number of Inverted Registers Reported in Synthesis Report                       ; 100                    ; 100                ;
; Clock MUX Protection                                                            ; On                     ; On                 ;
; Auto Gated Clock Conversion                                                     ; Off                    ; Off                ;
; Block Design Naming                                                             ; Auto                   ; Auto               ;
; SDC constraint protection                                                       ; Off                    ; Off                ;
; Synthesis Effort                                                                ; Auto                   ; Auto               ;
; Shift Register Replacement - Allow Asynchronous Clear Signal                    ; On                     ; On                 ;
; Pre-Mapping Resynthesis Optimization                                            ; Off                    ; Off                ;
; Analysis & Synthesis Message Level                                              ; Medium                 ; Medium             ;
; Disable Register Merging Across Hierarchies                                     ; Auto                   ; Auto               ;
; Resource Aware Inference For Block RAM                                          ; On                     ; On                 ;
; Automatic Parallel Synthesis                                                    ; On                     ; On                 ;
; Partial Reconfiguration Bitstream ID                                            ; Off                    ; Off                ;
+---------------------------------------------------------------------------------+------------------------+--------------------+


+------------------------------------------+
; Parallel Compilation                     ;
+----------------------------+-------------+
; Processors                 ; Number      ;
+----------------------------+-------------+
; Number detected on machine ; 4           ;
; Maximum allowed            ; 2           ;
;                            ;             ;
; Average used               ; 1.00        ;
; Maximum used               ; 2           ;
;                            ;             ;
; Usage by Processor         ; % Time Used ;
;     Processor 1            ; 100.0%      ;
;     Processor 2            ;   0.0%      ;
+----------------------------+-------------+


+------------------------------------------------------------------------------------------------------------------------------------------------------+
; Analysis & Synthesis Source Files Read                                                                                                               ;
+----------------------------------+-----------------+-----------------+---------------------------------------------------------------------+---------+
; File Name with User-Entered Path ; Used in Netlist ; File Type       ; File Name with Absolute Path                                        ; Library ;
+----------------------------------+-----------------+-----------------+---------------------------------------------------------------------+---------+
; storeDev.vhd                     ; yes             ; User VHDL File  ; /home/gabriel/UA/4Ano/ACA/A6/PC_32_Serie/storeDev.vhd               ;         ;
; simpleLogic.vhd                  ; yes             ; User VHDL File  ; /home/gabriel/UA/4Ano/ACA/A6/PC_32_Serie/simpleLogic.vhd            ;         ;
; popCounter_32bitSerial.vhd       ; yes             ; User VHDL File  ; /home/gabriel/UA/4Ano/ACA/A6/PC_32_Serie/popCounter_32bitSerial.vhd ;         ;
; control.vhd                      ; yes             ; User VHDL File  ; /home/gabriel/UA/4Ano/ACA/A6/PC_32_Serie/control.vhd                ;         ;
; arithmetic.vhd                   ; yes             ; User VHDL File  ; /home/gabriel/UA/4Ano/ACA/A6/PC_32_Serie/arithmetic.vhd             ;         ;
+----------------------------------+-----------------+-----------------+---------------------------------------------------------------------+---------+


+---------------------------------------------------------+
; Analysis & Synthesis Resource Usage Summary             ;
+---------------------------------------------+-----------+
; Resource                                    ; Usage     ;
+---------------------------------------------+-----------+
; Estimate of Logic utilization (ALMs needed) ; 13        ;
;                                             ;           ;
; Combinational ALUT usage for logic          ; 21        ;
;     -- 7 input functions                    ; 0         ;
;     -- 6 input functions                    ; 3         ;
;     -- 5 input functions                    ; 4         ;
;     -- 4 input functions                    ; 4         ;
;     -- <=3 input functions                  ; 10        ;
;                                             ;           ;
; Dedicated logic registers                   ; 18        ;
;                                             ;           ;
; I/O pins                                    ; 9         ;
;                                             ;           ;
; Total DSP Blocks                            ; 0         ;
;                                             ;           ;
; Maximum fan-out node                        ; clk~input ;
; Maximum fan-out                             ; 15        ;
; Total fan-out                               ; 139       ;
; Average fan-out                             ; 2.44      ;
+---------------------------------------------+-----------+


+-----------------------------------------------------------------------------------------------------------------------------------------------------------------------------------------------------------------------------------------------------------------------------------------------------------------+
; Analysis & Synthesis Resource Utilization by Entity                                                                                                                                                                                                                                                             ;
+-------------------------------------+---------------------+---------------------------+-------------------+------------+------+--------------+--------------------------------------------------------------------------------------------------------------------------+------------------------+--------------+
; Compilation Hierarchy Node          ; Combinational ALUTs ; Dedicated Logic Registers ; Block Memory Bits ; DSP Blocks ; Pins ; Virtual Pins ; Full Hierarchy Name                                                                                                      ; Entity Name            ; Library Name ;
+-------------------------------------+---------------------+---------------------------+-------------------+------------+------+--------------+--------------------------------------------------------------------------------------------------------------------------+------------------------+--------------+
; |popCounter_32bitSerial             ; 21 (0)              ; 18 (0)                    ; 0                 ; 0          ; 9    ; 0            ; |popCounter_32bitSerial                                                                                                  ; popCounter_32bitSerial ; work         ;
;    |binCounter_6bit:bc|             ; 6 (0)               ; 6 (0)                     ; 0                 ; 0          ; 0    ; 0            ; |popCounter_32bitSerial|binCounter_6bit:bc                                                                               ; binCounter_6bit        ; work         ;
;       |flipFlopDPET:ff0|            ; 1 (1)               ; 1 (1)                     ; 0                 ; 0          ; 0    ; 0            ; |popCounter_32bitSerial|binCounter_6bit:bc|flipFlopDPET:ff0                                                              ; flipFlopDPET           ; work         ;
;       |flipFlopDPET:ff1|            ; 1 (1)               ; 1 (1)                     ; 0                 ; 0          ; 0    ; 0            ; |popCounter_32bitSerial|binCounter_6bit:bc|flipFlopDPET:ff1                                                              ; flipFlopDPET           ; work         ;
;       |flipFlopDPET:ff2|            ; 1 (1)               ; 1 (1)                     ; 0                 ; 0          ; 0    ; 0            ; |popCounter_32bitSerial|binCounter_6bit:bc|flipFlopDPET:ff2                                                              ; flipFlopDPET           ; work         ;
;       |flipFlopDPET:ff3|            ; 1 (1)               ; 1 (1)                     ; 0                 ; 0          ; 0    ; 0            ; |popCounter_32bitSerial|binCounter_6bit:bc|flipFlopDPET:ff3                                                              ; flipFlopDPET           ; work         ;
;       |flipFlopDPET:ff4|            ; 1 (1)               ; 1 (1)                     ; 0                 ; 0          ; 0    ; 0            ; |popCounter_32bitSerial|binCounter_6bit:bc|flipFlopDPET:ff4                                                              ; flipFlopDPET           ; work         ;
;       |flipFlopDPET:ff5|            ; 1 (1)               ; 1 (1)                     ; 0                 ; 0          ; 0    ; 0            ; |popCounter_32bitSerial|binCounter_6bit:bc|flipFlopDPET:ff5                                                              ; flipFlopDPET           ; work         ;
;    |control:con|                    ; 4 (0)               ; 0 (0)                     ; 0                 ; 0          ; 0    ; 0            ; |popCounter_32bitSerial|control:con                                                                                      ; control                ; work         ;
;       |gateNand2:nad2|              ; 1 (1)               ; 0 (0)                     ; 0                 ; 0          ; 0    ; 0            ; |popCounter_32bitSerial|control:con|gateNand2:nad2                                                                       ; gateNand2              ; work         ;
;       |gateNand2:nad4|              ; 2 (2)               ; 0 (0)                     ; 0                 ; 0          ; 0    ; 0            ; |popCounter_32bitSerial|control:con|gateNand2:nad4                                                                       ; gateNand2              ; work         ;
;       |gateNor2:nord|               ; 1 (1)               ; 0 (0)                     ; 0                 ; 0          ; 0    ; 0            ; |popCounter_32bitSerial|control:con|gateNor2:nord                                                                        ; gateNor2               ; work         ;
;    |flipFlopDPET:ff|                ; 0 (0)               ; 1 (1)                     ; 0                 ; 0          ; 0    ; 0            ; |popCounter_32bitSerial|flipFlopDPET:ff                                                                                  ; flipFlopDPET           ; work         ;
;    |halfAdder_5bit:hd|              ; 6 (0)               ; 0 (0)                     ; 0                 ; 0          ; 0    ; 0            ; |popCounter_32bitSerial|halfAdder_5bit:hd                                                                                ; halfAdder_5bit         ; work         ;
;       |halfAdder_1bit:hA11|         ; 2 (2)               ; 0 (0)                     ; 0                 ; 0          ; 0    ; 0            ; |popCounter_32bitSerial|halfAdder_5bit:hd|halfAdder_1bit:hA11                                                            ; halfAdder_1bit         ; work         ;
;       |halfAdder_4bit:hA40|         ; 4 (0)               ; 0 (0)                     ; 0                 ; 0          ; 0    ; 0            ; |popCounter_32bitSerial|halfAdder_5bit:hd|halfAdder_4bit:hA40                                                            ; halfAdder_4bit         ; work         ;
;          |halfAdder_1bit:hA11|      ; 1 (1)               ; 0 (0)                     ; 0                 ; 0          ; 0    ; 0            ; |popCounter_32bitSerial|halfAdder_5bit:hd|halfAdder_4bit:hA40|halfAdder_1bit:hA11                                        ; halfAdder_1bit         ; work         ;
;          |halfAdder_3bit:hA30|      ; 3 (0)               ; 0 (0)                     ; 0                 ; 0          ; 0    ; 0            ; |popCounter_32bitSerial|halfAdder_5bit:hd|halfAdder_4bit:hA40|halfAdder_3bit:hA30                                        ; halfAdder_3bit         ; work         ;
;             |halfAdder_1bit:hA11|   ; 1 (1)               ; 0 (0)                     ; 0                 ; 0          ; 0    ; 0            ; |popCounter_32bitSerial|halfAdder_5bit:hd|halfAdder_4bit:hA40|halfAdder_3bit:hA30|halfAdder_1bit:hA11                    ; halfAdder_1bit         ; work         ;
;             |halfAdder_2bit:hA20|   ; 2 (0)               ; 0 (0)                     ; 0                 ; 0          ; 0    ; 0            ; |popCounter_32bitSerial|halfAdder_5bit:hd|halfAdder_4bit:hA40|halfAdder_3bit:hA30|halfAdder_2bit:hA20                    ; halfAdder_2bit         ; work         ;
;                |halfAdder_1bit:hA0| ; 1 (1)               ; 0 (0)                     ; 0                 ; 0          ; 0    ; 0            ; |popCounter_32bitSerial|halfAdder_5bit:hd|halfAdder_4bit:hA40|halfAdder_3bit:hA30|halfAdder_2bit:hA20|halfAdder_1bit:hA0 ; halfAdder_1bit         ; work         ;
;                |halfAdder_1bit:hA1| ; 1 (1)               ; 0 (0)                     ; 0                 ; 0          ; 0    ; 0            ; |popCounter_32bitSerial|halfAdder_5bit:hd|halfAdder_4bit:hA40|halfAdder_3bit:hA30|halfAdder_2bit:hA20|halfAdder_1bit:hA1 ; halfAdder_1bit         ; work         ;
;    |parReg_5bit:pr5|                ; 0 (0)               ; 5 (0)                     ; 0                 ; 0          ; 0    ; 0            ; |popCounter_32bitSerial|parReg_5bit:pr5                                                                                  ; parReg_5bit            ; work         ;
;       |flipFlopDPET:ff0|            ; 0 (0)               ; 1 (1)                     ; 0                 ; 0          ; 0    ; 0            ; |popCounter_32bitSerial|parReg_5bit:pr5|flipFlopDPET:ff0                                                                 ; flipFlopDPET           ; work         ;
;       |flipFlopDPET:ff1|            ; 0 (0)               ; 1 (1)                     ; 0                 ; 0          ; 0    ; 0            ; |popCounter_32bitSerial|parReg_5bit:pr5|flipFlopDPET:ff1                                                                 ; flipFlopDPET           ; work         ;
;       |flipFlopDPET:ff2|            ; 0 (0)               ; 1 (1)                     ; 0                 ; 0          ; 0    ; 0            ; |popCounter_32bitSerial|parReg_5bit:pr5|flipFlopDPET:ff2                                                                 ; flipFlopDPET           ; work         ;
;       |flipFlopDPET:ff3|            ; 0 (0)               ; 1 (1)                     ; 0                 ; 0          ; 0    ; 0            ; |popCounter_32bitSerial|parReg_5bit:pr5|flipFlopDPET:ff3                                                                 ; flipFlopDPET           ; work         ;
;       |flipFlopDPET:ff4|            ; 0 (0)               ; 1 (1)                     ; 0                 ; 0          ; 0    ; 0            ; |popCounter_32bitSerial|parReg_5bit:pr5|flipFlopDPET:ff4                                                                 ; flipFlopDPET           ; work         ;
;    |parReg_6bit:pr6|                ; 5 (0)               ; 6 (0)                     ; 0                 ; 0          ; 0    ; 0            ; |popCounter_32bitSerial|parReg_6bit:pr6                                                                                  ; parReg_6bit            ; work         ;
;       |flipFlopDPET:ff0|            ; 1 (1)               ; 1 (1)                     ; 0                 ; 0          ; 0    ; 0            ; |popCounter_32bitSerial|parReg_6bit:pr6|flipFlopDPET:ff0                                                                 ; flipFlopDPET           ; work         ;
;       |flipFlopDPET:ff1|            ; 1 (1)               ; 1 (1)                     ; 0                 ; 0          ; 0    ; 0            ; |popCounter_32bitSerial|parReg_6bit:pr6|flipFlopDPET:ff1                                                                 ; flipFlopDPET           ; work         ;
;       |flipFlopDPET:ff2|            ; 1 (1)               ; 1 (1)                     ; 0                 ; 0          ; 0    ; 0            ; |popCounter_32bitSerial|parReg_6bit:pr6|flipFlopDPET:ff2                                                                 ; flipFlopDPET           ; work         ;
;       |flipFlopDPET:ff3|            ; 1 (1)               ; 1 (1)                     ; 0                 ; 0          ; 0    ; 0            ; |popCounter_32bitSerial|parReg_6bit:pr6|flipFlopDPET:ff3                                                                 ; flipFlopDPET           ; work         ;
;       |flipFlopDPET:ff4|            ; 1 (1)               ; 1 (1)                     ; 0                 ; 0          ; 0    ; 0            ; |popCounter_32bitSerial|parReg_6bit:pr6|flipFlopDPET:ff4                                                                 ; flipFlopDPET           ; work         ;
;       |flipFlopDPET:ff5|            ; 0 (0)               ; 1 (1)                     ; 0                 ; 0          ; 0    ; 0            ; |popCounter_32bitSerial|parReg_6bit:pr6|flipFlopDPET:ff5                                                                 ; flipFlopDPET           ; work         ;
+-------------------------------------+---------------------+---------------------------+-------------------+------------+------+--------------+--------------------------------------------------------------------------------------------------------------------------+------------------------+--------------+
Note: For table entries with two numbers listed, the numbers in parentheses indicate the number of resources of the given type used by the specific entity alone. The numbers listed outside of parentheses indicate the total resources of the given type used by the specific entity and all of its sub-entities in the hierarchy.


+--------------------------------------------------------------------------------------------+
; Registers Removed During Synthesis                                                         ;
+----------------------------------------+---------------------------------------------------+
; Register name                          ; Reason for Removal                                ;
+----------------------------------------+---------------------------------------------------+
; binCounter_6bit:bc|flipFlopDPET:ff0|nQ ; Merged with binCounter_6bit:bc|flipFlopDPET:ff0|Q ;
; Total Number of Removed Registers = 1  ;                                                   ;
+----------------------------------------+---------------------------------------------------+


+------------------------------------------------------+
; General Register Statistics                          ;
+----------------------------------------------+-------+
; Statistic                                    ; Value ;
+----------------------------------------------+-------+
; Total registers                              ; 18    ;
; Number of registers using Synchronous Clear  ; 0     ;
; Number of registers using Synchronous Load   ; 0     ;
; Number of registers using Asynchronous Clear ; 18    ;
; Number of registers using Asynchronous Load  ; 0     ;
; Number of registers using Clock Enable       ; 0     ;
; Number of registers using Preset             ; 0     ;
+----------------------------------------------+-------+


+--------------------------------------------------+
; Inverted Register Statistics                     ;
+----------------------------------------+---------+
; Inverted Register                      ; Fan out ;
+----------------------------------------+---------+
; parReg_6bit:pr6|flipFlopDPET:ff0|Q     ; 1       ;
; parReg_6bit:pr6|flipFlopDPET:ff1|Q     ; 1       ;
; parReg_6bit:pr6|flipFlopDPET:ff2|Q     ; 1       ;
; parReg_6bit:pr6|flipFlopDPET:ff3|Q     ; 1       ;
; parReg_6bit:pr6|flipFlopDPET:ff4|Q     ; 1       ;
; parReg_6bit:pr6|flipFlopDPET:ff5|Q     ; 1       ;
; Total number of inverted registers = 6 ;         ;
+----------------------------------------+---------+


+----------------------------------------------------------------------------------------------------------------+
; Port Connectivity Checks: "binCounter_6bit:bc|flipFlopDPET:ff5"                                                ;
+------+--------+----------+-------------------------------------------------------------------------------------+
; Port ; Type   ; Severity ; Details                                                                             ;
+------+--------+----------+-------------------------------------------------------------------------------------+
; nset ; Input  ; Info     ; Stuck at VCC                                                                        ;
; nq   ; Output ; Info     ; Connected to dangling logic. Logic that only feeds a dangling port will be removed. ;
+------+--------+----------+-------------------------------------------------------------------------------------+


+----------------------------------------------------------------------------------------------------------------+
; Port Connectivity Checks: "binCounter_6bit:bc|flipFlopDPET:ff4"                                                ;
+------+--------+----------+-------------------------------------------------------------------------------------+
; Port ; Type   ; Severity ; Details                                                                             ;
+------+--------+----------+-------------------------------------------------------------------------------------+
; nset ; Input  ; Info     ; Stuck at VCC                                                                        ;
; nq   ; Output ; Info     ; Connected to dangling logic. Logic that only feeds a dangling port will be removed. ;
+------+--------+----------+-------------------------------------------------------------------------------------+


+----------------------------------------------------------------------------------------------------------------+
; Port Connectivity Checks: "binCounter_6bit:bc|flipFlopDPET:ff3"                                                ;
+------+--------+----------+-------------------------------------------------------------------------------------+
; Port ; Type   ; Severity ; Details                                                                             ;
+------+--------+----------+-------------------------------------------------------------------------------------+
; nset ; Input  ; Info     ; Stuck at VCC                                                                        ;
; nq   ; Output ; Info     ; Connected to dangling logic. Logic that only feeds a dangling port will be removed. ;
+------+--------+----------+-------------------------------------------------------------------------------------+


+----------------------------------------------------------------------------------------------------------------+
; Port Connectivity Checks: "binCounter_6bit:bc|flipFlopDPET:ff2"                                                ;
+------+--------+----------+-------------------------------------------------------------------------------------+
; Port ; Type   ; Severity ; Details                                                                             ;
+------+--------+----------+-------------------------------------------------------------------------------------+
; nset ; Input  ; Info     ; Stuck at VCC                                                                        ;
; nq   ; Output ; Info     ; Connected to dangling logic. Logic that only feeds a dangling port will be removed. ;
+------+--------+----------+-------------------------------------------------------------------------------------+


+----------------------------------------------------------------------------------------------------------------+
; Port Connectivity Checks: "binCounter_6bit:bc|flipFlopDPET:ff1"                                                ;
+------+--------+----------+-------------------------------------------------------------------------------------+
; Port ; Type   ; Severity ; Details                                                                             ;
+------+--------+----------+-------------------------------------------------------------------------------------+
; nset ; Input  ; Info     ; Stuck at VCC                                                                        ;
; nq   ; Output ; Info     ; Connected to dangling logic. Logic that only feeds a dangling port will be removed. ;
+------+--------+----------+-------------------------------------------------------------------------------------+


+-----------------------------------------------------------------+
; Port Connectivity Checks: "binCounter_6bit:bc|flipFlopDPET:ff0" ;
+------+-------+----------+---------------------------------------+
; Port ; Type  ; Severity ; Details                               ;
+------+-------+----------+---------------------------------------+
; nset ; Input ; Info     ; Stuck at VCC                          ;
+------+-------+----------+---------------------------------------+


+----------------------------------------------------------------------------------------------------------------+
; Port Connectivity Checks: "parReg_6bit:pr6|flipFlopDPET:ff5"                                                   ;
+------+--------+----------+-------------------------------------------------------------------------------------+
; Port ; Type   ; Severity ; Details                                                                             ;
+------+--------+----------+-------------------------------------------------------------------------------------+
; nrst ; Input  ; Info     ; Stuck at VCC                                                                        ;
; nq   ; Output ; Info     ; Connected to dangling logic. Logic that only feeds a dangling port will be removed. ;
+------+--------+----------+-------------------------------------------------------------------------------------+


+----------------------------------------------------------------------------------------------------------------+
; Port Connectivity Checks: "parReg_6bit:pr6|flipFlopDPET:ff4"                                                   ;
+------+--------+----------+-------------------------------------------------------------------------------------+
; Port ; Type   ; Severity ; Details                                                                             ;
+------+--------+----------+-------------------------------------------------------------------------------------+
; nrst ; Input  ; Info     ; Stuck at VCC                                                                        ;
; nq   ; Output ; Info     ; Connected to dangling logic. Logic that only feeds a dangling port will be removed. ;
+------+--------+----------+-------------------------------------------------------------------------------------+


+----------------------------------------------------------------------------------------------------------------+
; Port Connectivity Checks: "parReg_6bit:pr6|flipFlopDPET:ff3"                                                   ;
+------+--------+----------+-------------------------------------------------------------------------------------+
; Port ; Type   ; Severity ; Details                                                                             ;
+------+--------+----------+-------------------------------------------------------------------------------------+
; nrst ; Input  ; Info     ; Stuck at VCC                                                                        ;
; nq   ; Output ; Info     ; Connected to dangling logic. Logic that only feeds a dangling port will be removed. ;
+------+--------+----------+-------------------------------------------------------------------------------------+


+----------------------------------------------------------------------------------------------------------------+
; Port Connectivity Checks: "parReg_6bit:pr6|flipFlopDPET:ff2"                                                   ;
+------+--------+----------+-------------------------------------------------------------------------------------+
; Port ; Type   ; Severity ; Details                                                                             ;
+------+--------+----------+-------------------------------------------------------------------------------------+
; nrst ; Input  ; Info     ; Stuck at VCC                                                                        ;
; nq   ; Output ; Info     ; Connected to dangling logic. Logic that only feeds a dangling port will be removed. ;
+------+--------+----------+-------------------------------------------------------------------------------------+


+----------------------------------------------------------------------------------------------------------------+
; Port Connectivity Checks: "parReg_6bit:pr6|flipFlopDPET:ff1"                                                   ;
+------+--------+----------+-------------------------------------------------------------------------------------+
; Port ; Type   ; Severity ; Details                                                                             ;
+------+--------+----------+-------------------------------------------------------------------------------------+
; nrst ; Input  ; Info     ; Stuck at VCC                                                                        ;
; nq   ; Output ; Info     ; Connected to dangling logic. Logic that only feeds a dangling port will be removed. ;
+------+--------+----------+-------------------------------------------------------------------------------------+


+----------------------------------------------------------------------------------------------------------------+
; Port Connectivity Checks: "parReg_6bit:pr6|flipFlopDPET:ff0"                                                   ;
+------+--------+----------+-------------------------------------------------------------------------------------+
; Port ; Type   ; Severity ; Details                                                                             ;
+------+--------+----------+-------------------------------------------------------------------------------------+
; nrst ; Input  ; Info     ; Stuck at VCC                                                                        ;
; nq   ; Output ; Info     ; Connected to dangling logic. Logic that only feeds a dangling port will be removed. ;
+------+--------+----------+-------------------------------------------------------------------------------------+


+----------------------------------------------------------------------------------------------------------------+
; Port Connectivity Checks: "parReg_5bit:pr5|flipFlopDPET:ff4"                                                   ;
+------+--------+----------+-------------------------------------------------------------------------------------+
; Port ; Type   ; Severity ; Details                                                                             ;
+------+--------+----------+-------------------------------------------------------------------------------------+
; nset ; Input  ; Info     ; Stuck at VCC                                                                        ;
; nq   ; Output ; Info     ; Connected to dangling logic. Logic that only feeds a dangling port will be removed. ;
+------+--------+----------+-------------------------------------------------------------------------------------+


+----------------------------------------------------------------------------------------------------------------+
; Port Connectivity Checks: "parReg_5bit:pr5|flipFlopDPET:ff3"                                                   ;
+------+--------+----------+-------------------------------------------------------------------------------------+
; Port ; Type   ; Severity ; Details                                                                             ;
+------+--------+----------+-------------------------------------------------------------------------------------+
; nset ; Input  ; Info     ; Stuck at VCC                                                                        ;
; nq   ; Output ; Info     ; Connected to dangling logic. Logic that only feeds a dangling port will be removed. ;
+------+--------+----------+-------------------------------------------------------------------------------------+


+----------------------------------------------------------------------------------------------------------------+
; Port Connectivity Checks: "parReg_5bit:pr5|flipFlopDPET:ff2"                                                   ;
+------+--------+----------+-------------------------------------------------------------------------------------+
; Port ; Type   ; Severity ; Details                                                                             ;
+------+--------+----------+-------------------------------------------------------------------------------------+
; nset ; Input  ; Info     ; Stuck at VCC                                                                        ;
; nq   ; Output ; Info     ; Connected to dangling logic. Logic that only feeds a dangling port will be removed. ;
+------+--------+----------+-------------------------------------------------------------------------------------+


+----------------------------------------------------------------------------------------------------------------+
; Port Connectivity Checks: "parReg_5bit:pr5|flipFlopDPET:ff1"                                                   ;
+------+--------+----------+-------------------------------------------------------------------------------------+
; Port ; Type   ; Severity ; Details                                                                             ;
+------+--------+----------+-------------------------------------------------------------------------------------+
; nset ; Input  ; Info     ; Stuck at VCC                                                                        ;
; nq   ; Output ; Info     ; Connected to dangling logic. Logic that only feeds a dangling port will be removed. ;
+------+--------+----------+-------------------------------------------------------------------------------------+


+----------------------------------------------------------------------------------------------------------------+
; Port Connectivity Checks: "parReg_5bit:pr5|flipFlopDPET:ff0"                                                   ;
+------+--------+----------+-------------------------------------------------------------------------------------+
; Port ; Type   ; Severity ; Details                                                                             ;
+------+--------+----------+-------------------------------------------------------------------------------------+
; nset ; Input  ; Info     ; Stuck at VCC                                                                        ;
; nq   ; Output ; Info     ; Connected to dangling logic. Logic that only feeds a dangling port will be removed. ;
+------+--------+----------+-------------------------------------------------------------------------------------+


+----------------------------------------------------------------------------------------------------------------+
; Port Connectivity Checks: "flipFlopDPET:ff"                                                                    ;
+------+--------+----------+-------------------------------------------------------------------------------------+
; Port ; Type   ; Severity ; Details                                                                             ;
+------+--------+----------+-------------------------------------------------------------------------------------+
; nset ; Input  ; Info     ; Stuck at VCC                                                                        ;
; nq   ; Output ; Info     ; Connected to dangling logic. Logic that only feeds a dangling port will be removed. ;
+------+--------+----------+-------------------------------------------------------------------------------------+


+-----------------------------------------------------+
; Post-Synthesis Netlist Statistics for Top Partition ;
+-----------------------+-----------------------------+
; Type                  ; Count                       ;
+-----------------------+-----------------------------+
; arriav_ff             ; 18                          ;
;     CLR               ; 18                          ;
; arriav_lcell_comb     ; 27                          ;
;     normal            ; 27                          ;
;         1 data inputs ; 12                          ;
;         2 data inputs ; 2                           ;
;         3 data inputs ; 2                           ;
;         4 data inputs ; 4                           ;
;         5 data inputs ; 4                           ;
;         6 data inputs ; 3                           ;
; boundary_port         ; 9                           ;
;                       ;                             ;
; Max LUT depth         ; 2.00                        ;
; Average LUT depth     ; 1.48                        ;
+-----------------------+-----------------------------+


+-------------------------------+
; Elapsed Time Per Partition    ;
+----------------+--------------+
; Partition Name ; Elapsed Time ;
+----------------+--------------+
; Top            ; 00:00:00     ;
+----------------+--------------+


+-------------------------------+
; Analysis & Synthesis Messages ;
+-------------------------------+
Info: *******************************************************************
Info: Running Quartus Prime Analysis & Synthesis
    Info: Version 19.1.0 Build 670 09/22/2019 SJ Lite Edition
    Info: Processing started: Mon Nov 11 20:43:57 2019
Info: Command: quartus_map --read_settings_files=on --write_settings_files=off PC_32_Serie -c PC_32_Serie
Warning (18236): Number of processors has not been specified which may cause overloading on shared machines.  Set the global assignment NUM_PARALLEL_PROCESSORS in your QSF to an appropriate value for best performance.
Info (20030): Parallel compilation is enabled and will use 2 of the 2 processors detected
Info (12021): Found 8 design units, including 4 entities, in source file storeDev.vhd
    Info (12022): Found design unit 1: flipFlopDPET-behavior File: /home/gabriel/UA/4Ano/ACA/A6/PC_32_Serie/storeDev.vhd Line: 10
    Info (12022): Found design unit 2: binCounter_6bit-structure File: /home/gabriel/UA/4Ano/ACA/A6/PC_32_Serie/storeDev.vhd Line: 40
    Info (12022): Found design unit 3: parReg_5bit-structure File: /home/gabriel/UA/4Ano/ACA/A6/PC_32_Serie/storeDev.vhd Line: 92
    Info (12022): Found design unit 4: parReg_6bit-structure File: /home/gabriel/UA/4Ano/ACA/A6/PC_32_Serie/storeDev.vhd Line: 116
    Info (12023): Found entity 1: flipFlopDPET File: /home/gabriel/UA/4Ano/ACA/A6/PC_32_Serie/storeDev.vhd Line: 4
    Info (12023): Found entity 2: binCounter_6bit File: /home/gabriel/UA/4Ano/ACA/A6/PC_32_Serie/storeDev.vhd Line: 34
    Info (12023): Found entity 3: parReg_5bit File: /home/gabriel/UA/4Ano/ACA/A6/PC_32_Serie/storeDev.vhd Line: 85
    Info (12023): Found entity 4: parReg_6bit File: /home/gabriel/UA/4Ano/ACA/A6/PC_32_Serie/storeDev.vhd Line: 109
Info (12021): Found 8 design units, including 4 entities, in source file simpleLogic.vhd
    Info (12022): Found design unit 1: gateAnd2-logicFunction File: /home/gabriel/UA/4Ano/ACA/A6/PC_32_Serie/simpleLogic.vhd Line: 9
    Info (12022): Found design unit 2: gateNand2-logicFunction File: /home/gabriel/UA/4Ano/ACA/A6/PC_32_Serie/simpleLogic.vhd Line: 22
    Info (12022): Found design unit 3: gateNor2-logicFunction File: /home/gabriel/UA/4Ano/ACA/A6/PC_32_Serie/simpleLogic.vhd Line: 35
    Info (12022): Found design unit 4: gateXor2-logicFunction File: /home/gabriel/UA/4Ano/ACA/A6/PC_32_Serie/simpleLogic.vhd Line: 48
    Info (12023): Found entity 1: gateAnd2 File: /home/gabriel/UA/4Ano/ACA/A6/PC_32_Serie/simpleLogic.vhd Line: 4
    Info (12023): Found entity 2: gateNand2 File: /home/gabriel/UA/4Ano/ACA/A6/PC_32_Serie/simpleLogic.vhd Line: 17
    Info (12023): Found entity 3: gateNor2 File: /home/gabriel/UA/4Ano/ACA/A6/PC_32_Serie/simpleLogic.vhd Line: 30
    Info (12023): Found entity 4: gateXor2 File: /home/gabriel/UA/4Ano/ACA/A6/PC_32_Serie/simpleLogic.vhd Line: 43
Info (12021): Found 2 design units, including 1 entities, in source file popCounter_32bitSerial.vhd
    Info (12022): Found design unit 1: popCounter_32bitSerial-structure File: /home/gabriel/UA/4Ano/ACA/A6/PC_32_Serie/popCounter_32bitSerial.vhd Line: 23
    Info (12023): Found entity 1: popCounter_32bitSerial File: /home/gabriel/UA/4Ano/ACA/A6/PC_32_Serie/popCounter_32bitSerial.vhd Line: 16
Info (12021): Found 4 design units, including 2 entities, in source file control.vhd
    Info (12022): Found design unit 1: contMem-behavior File: /home/gabriel/UA/4Ano/ACA/A6/PC_32_Serie/control.vhd Line: 11
    Info (12022): Found design unit 2: control-structure File: /home/gabriel/UA/4Ano/ACA/A6/PC_32_Serie/control.vhd Line: 101
    Info (12023): Found entity 1: contMem File: /home/gabriel/UA/4Ano/ACA/A6/PC_32_Serie/control.vhd Line: 6
    Info (12023): Found entity 2: control File: /home/gabriel/UA/4Ano/ACA/A6/PC_32_Serie/control.vhd Line: 92
Info (12021): Found 20 design units, including 10 entities, in source file arithmetic.vhd
    Info (12022): Found design unit 1: fullAdder_1bit-logicFunction File: /home/gabriel/UA/4Ano/ACA/A6/PC_32_Serie/arithmetic.vhd Line: 9
    Info (12022): Found design unit 2: fullAdder_2bit-structure File: /home/gabriel/UA/4Ano/ACA/A6/PC_32_Serie/arithmetic.vhd Line: 25
    Info (12022): Found design unit 3: fullAdder_3bit-structure File: /home/gabriel/UA/4Ano/ACA/A6/PC_32_Serie/arithmetic.vhd Line: 46
    Info (12022): Found design unit 4: fullAdder_4bit-structure File: /home/gabriel/UA/4Ano/ACA/A6/PC_32_Serie/arithmetic.vhd Line: 73
    Info (12022): Found design unit 5: fullAdder_5bit-structure File: /home/gabriel/UA/4Ano/ACA/A6/PC_32_Serie/arithmetic.vhd Line: 100
    Info (12022): Found design unit 6: halfAdder_1bit-logicFunction File: /home/gabriel/UA/4Ano/ACA/A6/PC_32_Serie/arithmetic.vhd Line: 125
    Info (12022): Found design unit 7: halfAdder_2bit-structure File: /home/gabriel/UA/4Ano/ACA/A6/PC_32_Serie/arithmetic.vhd Line: 141
    Info (12022): Found design unit 8: halfAdder_3bit-structure File: /home/gabriel/UA/4Ano/ACA/A6/PC_32_Serie/arithmetic.vhd Line: 162
    Info (12022): Found design unit 9: halfAdder_4bit-structure File: /home/gabriel/UA/4Ano/ACA/A6/PC_32_Serie/arithmetic.vhd Line: 189
    Info (12022): Found design unit 10: halfAdder_5bit-structure File: /home/gabriel/UA/4Ano/ACA/A6/PC_32_Serie/arithmetic.vhd Line: 216
    Info (12023): Found entity 1: fullAdder_1bit File: /home/gabriel/UA/4Ano/ACA/A6/PC_32_Serie/arithmetic.vhd Line: 4
    Info (12023): Found entity 2: fullAdder_2bit File: /home/gabriel/UA/4Ano/ACA/A6/PC_32_Serie/arithmetic.vhd Line: 18
    Info (12023): Found entity 3: fullAdder_3bit File: /home/gabriel/UA/4Ano/ACA/A6/PC_32_Serie/arithmetic.vhd Line: 39
    Info (12023): Found entity 4: fullAdder_4bit File: /home/gabriel/UA/4Ano/ACA/A6/PC_32_Serie/arithmetic.vhd Line: 66
    Info (12023): Found entity 5: fullAdder_5bit File: /home/gabriel/UA/4Ano/ACA/A6/PC_32_Serie/arithmetic.vhd Line: 93
    Info (12023): Found entity 6: halfAdder_1bit File: /home/gabriel/UA/4Ano/ACA/A6/PC_32_Serie/arithmetic.vhd Line: 120
    Info (12023): Found entity 7: halfAdder_2bit File: /home/gabriel/UA/4Ano/ACA/A6/PC_32_Serie/arithmetic.vhd Line: 134
    Info (12023): Found entity 8: halfAdder_3bit File: /home/gabriel/UA/4Ano/ACA/A6/PC_32_Serie/arithmetic.vhd Line: 155
    Info (12023): Found entity 9: halfAdder_4bit File: /home/gabriel/UA/4Ano/ACA/A6/PC_32_Serie/arithmetic.vhd Line: 182
    Info (12023): Found entity 10: halfAdder_5bit File: /home/gabriel/UA/4Ano/ACA/A6/PC_32_Serie/arithmetic.vhd Line: 209
Info (12127): Elaborating entity "popCounter_32bitSerial" for the top level hierarchy
Info (12128): Elaborating entity "flipFlopDPET" for hierarchy "flipFlopDPET:ff" File: /home/gabriel/UA/4Ano/ACA/A6/PC_32_Serie/popCounter_32bitSerial.vhd Line: 65
Info (12128): Elaborating entity "halfAdder_5bit" for hierarchy "halfAdder_5bit:hd" File: /home/gabriel/UA/4Ano/ACA/A6/PC_32_Serie/popCounter_32bitSerial.vhd Line: 66
Info (12128): Elaborating entity "halfAdder_4bit" for hierarchy "halfAdder_5bit:hd|halfAdder_4bit:hA40" File: /home/gabriel/UA/4Ano/ACA/A6/PC_32_Serie/arithmetic.vhd Line: 229
Info (12128): Elaborating entity "halfAdder_3bit" for hierarchy "halfAdder_5bit:hd|halfAdder_4bit:hA40|halfAdder_3bit:hA30" File: /home/gabriel/UA/4Ano/ACA/A6/PC_32_Serie/arithmetic.vhd Line: 202
Info (12128): Elaborating entity "halfAdder_2bit" for hierarchy "halfAdder_5bit:hd|halfAdder_4bit:hA40|halfAdder_3bit:hA30|halfAdder_2bit:hA20" File: /home/gabriel/UA/4Ano/ACA/A6/PC_32_Serie/arithmetic.vhd Line: 175
Info (12128): Elaborating entity "halfAdder_1bit" for hierarchy "halfAdder_5bit:hd|halfAdder_4bit:hA40|halfAdder_3bit:hA30|halfAdder_2bit:hA20|halfAdder_1bit:hA0" File: /home/gabriel/UA/4Ano/ACA/A6/PC_32_Serie/arithmetic.vhd Line: 148
Info (12128): Elaborating entity "parReg_5bit" for hierarchy "parReg_5bit:pr5" File: /home/gabriel/UA/4Ano/ACA/A6/PC_32_Serie/popCounter_32bitSerial.vhd Line: 67
Info (12128): Elaborating entity "parReg_6bit" for hierarchy "parReg_6bit:pr6" File: /home/gabriel/UA/4Ano/ACA/A6/PC_32_Serie/popCounter_32bitSerial.vhd Line: 68
Info (12128): Elaborating entity "binCounter_6bit" for hierarchy "binCounter_6bit:bc" File: /home/gabriel/UA/4Ano/ACA/A6/PC_32_Serie/popCounter_32bitSerial.vhd Line: 69
Info (12128): Elaborating entity "gateAnd2" for hierarchy "binCounter_6bit:bc|gateAnd2:ad1" File: /home/gabriel/UA/4Ano/ACA/A6/PC_32_Serie/storeDev.vhd Line: 59
Info (12128): Elaborating entity "gateXor2" for hierarchy "binCounter_6bit:bc|gateXor2:xr1" File: /home/gabriel/UA/4Ano/ACA/A6/PC_32_Serie/storeDev.vhd Line: 63
Info (12128): Elaborating entity "control" for hierarchy "control:con" File: /home/gabriel/UA/4Ano/ACA/A6/PC_32_Serie/popCounter_32bitSerial.vhd Line: 70
Info (12128): Elaborating entity "contMem" for hierarchy "control:con|contMem:cMem" File: /home/gabriel/UA/4Ano/ACA/A6/PC_32_Serie/control.vhd Line: 117
Info (12128): Elaborating entity "gateNand2" for hierarchy "control:con|gateNand2:nad1" File: /home/gabriel/UA/4Ano/ACA/A6/PC_32_Serie/control.vhd Line: 118
Info (12128): Elaborating entity "gateNor2" for hierarchy "control:con|gateNor2:nord" File: /home/gabriel/UA/4Ano/ACA/A6/PC_32_Serie/control.vhd Line: 122
Info (276014): Found 1 instances of uninferred RAM logic
    Info (276004): RAM logic "control:con|contMem:cMem|prog" is uninferred due to inappropriate RAM size File: /home/gabriel/UA/4Ano/ACA/A6/PC_32_Serie/control.vhd Line: 15
Warning (19016): Clock multiplexers are found and protected
    Warning (19017): Found clock multiplexer control:con|contMem:cMem|prog~0 File: /home/gabriel/UA/4Ano/ACA/A6/PC_32_Serie/control.vhd Line: 15
Info (286030): Timing-Driven Synthesis is running
Info (16010): Generating hard_block partition "hard_block:auto_generated_inst"
    Info (16011): Adding 0 node(s), including 0 DDIO, 0 PLL, 0 transceiver and 0 LCELL
Info (21057): Implemented 36 device resources after synthesis - the final resource count might be different
    Info (21058): Implemented 3 input pins
    Info (21059): Implemented 6 output pins
    Info (21061): Implemented 27 logic cells
Info: Quartus Prime Analysis & Synthesis was successful. 0 errors, 3 warnings
    Info: Peak virtual memory: 1018 megabytes
    Info: Processing ended: Mon Nov 11 20:44:16 2019
    Info: Elapsed time: 00:00:19
    Info: Total CPU time (on all processors): 00:00:29


